P10636.5	TAU_HUMAN
Q9BXS0.2	COPA1_HUMAN
P49768.1	PSN1_HUMAN
Q04609.1	FOLH1_HUMAN
P05067.3	A4_HUMAN
Q5JRX3.3	PREP_HUMAN
P0CG48.3	UBC_HUMAN
Q92508.4	PIEZ1_HUMAN
O75173.3	ATS4_HUMAN
Q07954.2	LRP1_HUMAN
P02787.3	TRFE_HUMAN
Q9UBP4.2	DKK3_HUMAN
P0CG47.1	UBB_HUMAN
P62979.2	RS27A_HUMAN
P62987.2	RL40_HUMAN
Q92673.2	SORL_HUMAN
Q5KU26.3	COL12_HUMAN
O75369.2	FLNB_HUMAN
P35052.2	GPC1_HUMAN
Q9HDB5.4	NRX3B_HUMAN
O60344.4	ECE2_HUMAN
Q8IZY2.3	ABCA7_HUMAN
O00429.2	DNM1L_HUMAN
Q9P0L2.2	MARK1_HUMAN
Q9NRE2.3	TSH2_HUMAN
Q6ZSZ6.2	TSH1_HUMAN
Q63HK5.2	TSH3_HUMAN
Q4V9L6.1	TM119_HUMAN
Q8IV08.1	PLD3_HUMAN
O95992.1	CH25H_HUMAN
Q13501.1	SQSTM_HUMAN
Q9UHG2.1	PCSK1_HUMAN
P78380.1	OLR1_HUMAN
Q9UIK5.1	TEFF2_HUMAN
Q9NY61.1	AATF_HUMAN
Q8IU99.2	CAHM1_HUMAN
O15294.3	OGT1_HUMAN
Q9NTX7.1	RN146_HUMAN
P62760.2	VISL1_HUMAN
Q9NZC2.1	TREM2_HUMAN
O75914.2	PAK3_HUMAN
Q8IZD9.1	DOCK3_HUMAN
Q92575.2	UBXN4_HUMAN
O14672.1	ADA10_HUMAN
P48730.2	KC1D_HUMAN
O75436.2	VP26A_HUMAN
O94985.1	CSTN1_HUMAN
O75509.1	TNR21_HUMAN
P49841.2	GSK3B_HUMAN
Q15392.2	DHC24_HUMAN
Q9NZQ3.1	SPN90_HUMAN
Q9UQF2.1	JIP1_HUMAN
Q9Y2W7.1	CSEN_HUMAN
Q9UBU2.1	DKK2_HUMAN
O94907.1	DKK1_HUMAN
O00213.2	APBB1_HUMAN
O60259.1	KLK8_HUMAN
Q15011.1	HERP1_HUMAN
Q16555.1	DPYL2_HUMAN
P56270.1	MAZ_HUMAN
Q16143.1	SYUB_HUMAN
Q92686.1	NEUG_HUMAN
Q15078.1	CD5R1_HUMAN
Q99714.3	HCD2_HUMAN
P53041.1	PPP5_HUMAN
P46089.1	GPR3_HUMAN
P39905.1	GDNF_HUMAN
P37840.1	SYUA_HUMAN
P09936.2	UCHL1_HUMAN
P05451.3	REG1A_HUMAN
P03891.2	NU2M_HUMAN
P03886.1	NU1M_HUMAN
P25713.1	MT3_HUMAN
P19525.2	E2AK2_HUMAN
P25021.1	HRH2_HUMAN
P04406.3	G3P_HUMAN
P07339.1	CATD_HUMAN
P02649.1	APOE_HUMAN
P01011.2	AACT_HUMAN
Q12830.3	BPTF_HUMAN
A1KXE4.1	F168B_HUMAN
Q8N9Q2.1	SR1IP_HUMAN
Q9Y2A7.1	NCKP1_HUMAN
P17174.3	AATC_HUMAN
P14136.1	GFAP_HUMAN
P0C7U1.1	ASA2B_HUMAN
Q5R372.1	RBG1L_HUMAN
A4D1B5.2	GSAP_HUMAN
Q8N6D2.1	RN182_HUMAN
Q86X27.1	RGPS2_HUMAN
Q6PI77.1	BHLH9_HUMAN
Q96A73.1	P33MX_HUMAN
P55786.2	PSA_HUMAN
Q9UN36.2	NDRG2_HUMAN
P49840.2	GSK3A_HUMAN
P49810.1	PSN2_HUMAN
Q9UBT3.1	DKK4_HUMAN
P02795.1	MT2_HUMAN
Q8IVG9.1	HUNIN_HUMAN
Q15109.1	RAGE_HUMAN
P02647.1	APOA1_HUMAN
P04114.2	APOB_HUMAN
P02649.1	APOE_HUMAN
P05067.3	A4_HUMAN
P49327.3	FAS_HUMAN
P25445.1	TNR6_HUMAN
P23560.1	BDNF_HUMAN
P38398.2	BRCA1_HUMAN
Q03135.4	CAV1_HUMAN
P21964.2	COMT_HUMAN
P02741.1	CRP_HUMAN
Q16539.3	MK14_HUMAN
P11511.3	CP19A_HUMAN
P12821.1	ACE_HUMAN
P03372.2	ESR1_HUMAN
Q92731.2	ESR2_HUMAN
P42345.1	MTOR_HUMAN
P04150.1	GCR_HUMAN
P49841.2	GSK3B_HUMAN
P08603.4	CFAH_HUMAN
Q30201.1	HFE_HUMAN
P10316.2	1A69_HUMAN
P04439.2	1A03_HUMAN
P05534.2	1A24_HUMAN
P01891.4	1A68_HUMAN
P16190.3	1A33_HUMAN
P30512.2	1A29_HUMAN
P16188.2	1A30_HUMAN
Q09160.1	1A80_HUMAN
P10314.2	1A32_HUMAN
P30450.2	1A26_HUMAN
P30459.1	1A74_HUMAN
P30457.1	1A66_HUMAN
P30456.1	1A43_HUMAN
P30455.1	1A36_HUMAN
P30453.1	1A34_HUMAN
P16189.2	1A31_HUMAN
P30447.1	1A23_HUMAN
P30443.1	1A01_HUMAN
P18462.1	1A25_HUMAN
P13746.1	1A11_HUMAN
P01892.1	1A02_HUMAN
P09601.1	HMOX1_HUMAN
P01579.1	IFNG_HUMAN
P05019.1	IGF1_HUMAN
P01584.2	IL1B_HUMAN
P05231.1	IL6_HUMAN
P10145.1	IL8_HUMAN
P22301.1	IL10_HUMAN
Q16552.1	IL17_HUMAN
P41159.1	LEP_HUMAN
P10636.5	TAU_HUMAN
P14780.3	MMP9_HUMAN
P42898.3	MTHR_HUMAN
P19838.2	NFKB1_HUMAN
P29474.3	NOS3_HUMAN
P60323.1	NANO3_HUMAN
P16860.1	ANFB_HUMAN
P08183.3	MDR1_HUMAN
P27169.3	PON1_HUMAN
P37231.3	PPARG_HUMAN
P04156.1	PRIO_HUMAN
F7VJQ1.1	APRIO_HUMAN
P35354.2	PGH2_HUMAN
P13500.1	CCL2_HUMAN
Q01959.1	SC6A3_HUMAN
P31645.1	SC6A4_HUMAN
P37840.1	SYUA_HUMAN
P00441.2	SODC_HUMAN
P08047.3	SP1_HUMAN
Q8N907.1	DAND5_HUMAN
P01137.2	TGFB1_HUMAN
O60603.1	TLR2_HUMAN
O00206.2	TLR4_HUMAN
P01375.1	TNFA_HUMAN
P04637.4	P53_HUMAN
P11473.1	VDR_HUMAN
P15692.2	VEGFA_HUMAN
P50591.1	TNF10_HUMAN
Q15848.1	ADIPO_HUMAN
Q9UNQ0.3	ABCG2_HUMAN
Q96EB6.2	SIR1_HUMAN
Q5S007.2	LRRK2_HUMAN
O95477.3	ABCA1_HUMAN
P27695.2	APEX1_HUMAN
P48023.1	TNFL6_HUMAN
P41180.3	CASR_HUMAN
P08571.2	CD14_HUMAN
P25942.1	TNR5_HUMAN
P06493.3	CDK1_HUMAN
P11597.2	CETP_HUMAN
P10909.1	CLUS_HUMAN
P21554.1	CNR1_HUMAN
P16220.2	CREB1_HUMAN
P01034.1	CYTC_HUMAN
P15559.1	NQO1_HUMAN
Q01094.1	E2F1_HUMAN
P06241.3	FYN_HUMAN
P04062.3	GLCM_HUMAN
P28799.2	GRN_HUMAN
Q02297.3	NRG1_HUMAN
P28223.2	5HT2A_HUMAN
P17936.2	IBP3_HUMAN
P01583.1	IL1A_HUMAN
P48357.2	LEPR_HUMAN
O15243.1	OBRG_HUMAN
P06858.1	LIPL_HUMAN
Q07820.3	MCL1_HUMAN
P05164.1	PERM_HUMAN
O60260.2	PRKN_HUMAN
P01009.3	A1AT_HUMAN
P00749.2	UROK_HUMAN
P45983.2	MK08_HUMAN
P49768.1	PSN1_HUMAN
P11166.2	GTR1_HUMAN
P19438.1	TNR1A_HUMAN
P02766.1	TTHY_HUMAN
P19320.1	VCAM1_HUMAN
Q9UBK2.1	PRGC1_HUMAN
Q13148.1	TADBP_HUMAN
Q9C0B1.3	FTO_HUMAN
Q8NBP7.3	PCSK9_HUMAN
Q29983.1	MICA_HUMAN
P01023.3	A2MG_HUMAN
O14672.1	ADA10_HUMAN
P02765.1	FETUA_HUMAN
P05186.4	PPBT_HUMAN
P02656.1	APOC3_HUMAN
P29972.3	AQP1_HUMAN
P35670.4	ATP7B_HUMAN
P06276.1	CHLE_HUMAN
P12644.1	BMP4_HUMAN
P0DP23.1	CALM1_HUMAN
P35520.2	CBS_HUMAN
P19022.4	CADH2_HUMAN
P36222.2	CH3L1_HUMAN
P36544.5	ACHA7_HUMAN
P17927.3	CR1_HUMAN
P07858.3	CATB_HUMAN
P07339.1	CATD_HUMAN
O15263.1	DFB4A_HUMAN
Q9UBC3.1	DNM3B_HUMAN
P35462.2	DRD3_HUMAN
P18146.1	EGR1_HUMAN
P19235.1	EPOR_HUMAN
Q15303.1	ERBB4_HUMAN
P04406.3	G3P_HUMAN
Q07954.2	LRP1_HUMAN
P08473.2	NEP_HUMAN
Q99707.2	METH_HUMAN
Q9UBK8.3	MTRR_HUMAN
P01138.3	NGF_HUMAN
P08138.1	TNR16_HUMAN
P15531.1	NDKA_HUMAN
P04629.4	NTRK1_HUMAN
Q16620.1	NTRK2_HUMAN
P78380.1	OLR1_HUMAN
Q16512.2	PKN1_HUMAN
Q13153.2	PAK1_HUMAN
Q13526.1	PIN1_HUMAN
P17612.2	KAPCA_HUMAN
P17252.4	KPCA_HUMAN
Q02750.2	MP2K1_HUMAN
P19525.2	E2AK2_HUMAN
P23443.2	KS6B1_HUMAN
P78423.1	X3CL1_HUMAN
P16109.3	LYAM3_HUMAN
P49908.3	SEPP1_HUMAN
P78536.1	ADA17_HUMAN
P20333.3	TNR1B_HUMAN
Q92844.2	TANK_HUMAN
Q12933.2	TRAF2_HUMAN
P09936.2	UCHL1_HUMAN
P55072.4	TERA_HUMAN
P08670.4	VIME_HUMAN
P63104.1	1433Z_HUMAN
Q13093.1	PAFA_HUMAN
Q14457.2	BECN1_HUMAN
O15519.1	CFLAR_HUMAN
Q13501.1	SQSTM_HUMAN
P56817.2	BACE1_HUMAN
Q9NRI5.3	DISC1_HUMAN
Q9BXM7.1	PINK1_HUMAN
O95760.1	IL33_HUMAN
Q5VWK5.3	IL23R_HUMAN
Q96LT7.2	CI072_HUMAN
P41597.1	CCR2_HUMAN
P01011.2	AACT_HUMAN
P22303.1	ACES_HUMAN
P25098.2	ARBK1_HUMAN
P50052.1	AGTR2_HUMAN
P03950.1	ANGI_HUMAN
P06727.3	APOA4_HUMAN
P18848.3	ATF4_HUMAN
P00918.2	CAH2_HUMAN
Q00535.3	CDK5_HUMAN
P34972.1	CNR2_HUMAN
P15336.4	ATF2_HUMAN
P53355.6	DAPK1_HUMAN
P09172.3	DOPO_HUMAN
Q13541.3	4EBP1_HUMAN
P39905.1	GDNF_HUMAN
P50148.4	GNAQ_HUMAN
P49682.2	CXCR3_HUMAN
Q13224.3	NMDE2_HUMAN
P04035.1	HMDH_HUMAN
P09651.5	ROA1_HUMAN
P14735.4	IDE_HUMAN
P11717.3	MPRI_HUMAN
P51617.2	IRAK1_HUMAN
P27338.3	AOFB_HUMAN
P49959.3	MRE11_HUMAN
P47712.2	PA24A_HUMAN
Q15165.3	PON2_HUMAN
P78509.3	RELN_HUMAN
P49810.1	PSN2_HUMAN
P41440.3	S19A1_HUMAN
P20366.1	TKN1_HUMAN
O95831.1	AIFM1_HUMAN
Q14145.2	KEAP1_HUMAN
Q9UBN7.2	HDAC6_HUMAN
O00429.2	DNM1L_HUMAN
Q13133.2	NR1H3_HUMAN
O15439.3	MRP4_HUMAN
Q9UNE7.2	CHIP_HUMAN
Q9NTG7.2	SIR3_HUMAN
P39060.5	COIA1_HUMAN
O00499.1	BIN1_HUMAN
P02743.2	SAMP_HUMAN
P02654.1	APOC1_HUMAN
O00327.2	BMAL1_HUMAN
Q9UQM7.2	KCC2A_HUMAN
P07384.1	CAN1_HUMAN
P55212.2	CASP6_HUMAN
P28329.4	CLAT_HUMAN
P51589.2	CP2J2_HUMAN
P59665.1	DEF1_HUMAN
P50570.2	DYN2_HUMAN
P53805.4	RCAN1_HUMAN
Q13627.2	DYR1A_HUMAN
P42892.2	ECE1_HUMAN
P05198.3	IF2A_HUMAN
P06733.2	ENOA_HUMAN
Q9UBS5.1	GABR1_HUMAN
P18507.2	GBRG2_HUMAN
P01148.1	GON1_HUMAN
P42261.2	GRIA1_HUMAN
Q12879.1	NMDE1_HUMAN
P21266.3	GSTM3_HUMAN
Q30154.1	DRB5_HUMAN
Q29980.1	MICB_HUMAN
Q06830.1	PRDX1_HUMAN
Q96IZ0.1	PAWR_HUMAN
Q15257.3	PTPA_HUMAN
P18433.2	PTPRA_HUMAN
P41222.1	PTGDS_HUMAN
P51159.3	RB27A_HUMAN
P43005.2	EAA3_HUMAN
P43004.2	EAA2_HUMAN
P32418.3	NAC1_HUMAN
Q92673.2	SORL_HUMAN
P32119.5	PRDX2_HUMAN
Q00059.1	TFAM_HUMAN
P10827.1	THA_HUMAN
P55055.2	NR1H2_HUMAN
P22415.1	USF1_HUMAN
P01282.1	VIP_HUMAN
P30291.2	WEE1_HUMAN
P51149.1	RAB7A_HUMAN
Q16853.3	AOC3_HUMAN
P49137.1	MAPK2_HUMAN
Q9UQC2.1	GAB2_HUMAN
O96008.1	TOM40_HUMAN
Q9C000.1	NLRP1_HUMAN
Q8IXJ6.2	SIR2_HUMAN
Q92542.2	NICA_HUMAN
P98194.3	AT2C1_HUMAN
O43464.2	HTRA2_HUMAN
P22466.3	GALA_HUMAN
Q8N6F7.1	GCSAM_HUMAN
Q8NBJ4.1	GOLM1_HUMAN
Q9NZC2.1	TREM2_HUMAN
Q96QT4.1	TRPM7_HUMAN
O95445.2	APOM_HUMAN
Q9NQC3.2	RTN4_HUMAN
Q9UN36.2	NDRG2_HUMAN
Q9NPG2.1	NGB_HUMAN
Q8NEM0.4	MCPH1_HUMAN
P16157.3	ANK1_HUMAN
P05090.1	APOD_HUMAN
P20020.3	AT2B1_HUMAN
P20160.3	CAP7_HUMAN
Q92843.2	B2CL2_HUMAN
P20138.2	CD33_HUMAN
Q16555.1	DPYL2_HUMAN
P21918.2	DRD5_HUMAN
P13639.4	EF2_HUMAN
P42262.3	GRIA2_HUMAN
Q99714.3	HCD2_HUMAN
Q13639.2	5HT4R_HUMAN
P11047.3	LAMC1_HUMAN
O43347.1	MSI1H_HUMAN
P22392.1	NDKB_HUMAN
P20783.1	NTF3_HUMAN
Q00005.1	2ABB_HUMAN
P53779.2	MK10_HUMAN
P20340.3	RAB6A_HUMAN
P08621.2	RU17_HUMAN
P61764.1	STXB1_HUMAN
P08247.3	SYPH_HUMAN
P60174.3	TPIS_HUMAN
Q14114.4	LRP8_HUMAN
Q13492.2	PICAL_HUMAN
P49757.2	NUMB_HUMAN
Q13443.1	ADAM9_HUMAN
Q15078.1	CD5R1_HUMAN
P78417.2	GSTO1_HUMAN
O60706.2	ABCC9_HUMAN
Q15185.1	TEBP_HUMAN
Q9Y6A2.1	CP46A_HUMAN
P30048.3	PRDX3_HUMAN
Q8IX03.1	KIBRA_HUMAN
Q9UHC6.1	CNTP2_HUMAN
Q9UMX0.2	UBQL1_HUMAN
Q13087.2	PDIA2_HUMAN
Q8IZT6.2	ASPM_HUMAN
P25391.2	LAMA1_HUMAN
Q02410.3	APBA1_HUMAN
Q06481.2	APLP2_HUMAN
Q13867.1	BLMH_HUMAN
P53004.2	BIEA_HUMAN
Q10588.2	BST1_HUMAN
Q08289.3	CACB2_HUMAN
P21127.3	CD11B_HUMAN
P09543.2	CN37_HUMAN
O75553.3	DAB1_HUMAN
Q15392.2	DHC24_HUMAN
P42263.2	GRIA3_HUMAN
Q9UJ68.1	MSRA_HUMAN
P12036.4	NFH_HUMAN
Q92686.1	NEUG_HUMAN
P22061.4	PIMT_HUMAN
O15530.1	PDPK1_HUMAN
Q15118.1	PDK1_HUMAN
Q99574.1	NEUS_HUMAN
Q15166.3	PON3_HUMAN
Q99538.1	LGMN_HUMAN
Q92692.1	NECT2_HUMAN
P20338.3	RAB4A_HUMAN
P61247.2	RS3A_HUMAN
Q16143.1	SYUB_HUMAN
Q13596.3	SNX1_HUMAN
P48775.1	T23O_HUMAN
Q12800.2	TFCP2_HUMAN
P20396.1	TRH_HUMAN
Q16739.1	CEGT_HUMAN
P62760.2	VISL1_HUMAN
Q9Y6E0.1	STK24_HUMAN
Q14012.1	KCC1A_HUMAN
O95185.2	UNC5C_HUMAN
O43426.2	SYNJ1_HUMAN
O60229.2	KALRN_HUMAN
Q9Y287.1	ITM2B_HUMAN
O43819.3	SCO2_HUMAN
Q96S59.1	RANB9_HUMAN
Q96P70.3	IPO9_HUMAN
Q9Y5P4.1	C43BP_HUMAN
Q9NQX3.1	GEPH_HUMAN
Q8IZY2.3	ABCA7_HUMAN
O95319.1	CELF2_HUMAN
P56975.1	NRG3_HUMAN
Q9NYY3.3	PLK2_HUMAN
P49755.2	TMEDA_HUMAN
O94811.1	TPPP_HUMAN
Q9Y2J8.2	PADI2_HUMAN
Q6UUV9.2	CRTC1_HUMAN
Q9NXA8.2	SIR5_HUMAN
Q9UQN3.1	CHM2B_HUMAN
Q9UI47.2	CTNA3_HUMAN
O00418.2	EF2K_HUMAN
Q96BI3.1	APH1A_HUMAN
Q9NX09.1	DDIT4_HUMAN
Q9NUM4.2	T106B_HUMAN
Q96SN8.5	CK5P2_HUMAN
Q9HC77.2	CENPJ_HUMAN
Q9BZR6.1	RTN4R_HUMAN
O60391.2	NMD3B_HUMAN
Q8IU99.2	CAHM1_HUMAN
Q9BZC7.3	ABCA2_HUMAN
P36957.4	ODO2_HUMAN
Q99928.2	GBRG3_HUMAN
P22102.1	PUR2_HUMAN
O43187.2	IRAK2_HUMAN
Q03721.2	KCNC4_HUMAN
P50222.2	MEOX2_HUMAN
P07197.3	NFM_HUMAN
O43847.2	NRDC_HUMAN
P20742.4	PZP_HUMAN
P31391.2	SSR4_HUMAN
Q9NZL3.3	ZN224_HUMAN
O95936.3	EOMES_HUMAN
O94875.3	SRBS2_HUMAN
O60861.3	GAS7_HUMAN
O14966.1	RAB7L_HUMAN
Q9NSB8.1	HOME2_HUMAN
Q9HCB6.2	SPON1_HUMAN
Q6ZW49.2	PAXI1_HUMAN
O60936.2	NOL3_HUMAN
Q7LC44.1	ARC_HUMAN
Q92619.2	HMHA1_HUMAN
Q8IV08.1	PLD3_HUMAN
Q16769.1	QPCT_HUMAN
Q13433.3	S39A6_HUMAN
Q6UB35.1	C1TM_HUMAN
Q9BZA7.1	PC11X_HUMAN
Q9NZ20.2	PA2G3_HUMAN
Q9Y264.1	ANGP4_HUMAN
Q8WYA1.2	BMAL2_HUMAN
P57087.1	JAM2_HUMAN
Q9H2S6.1	TNMD_HUMAN
Q9H172.2	ABCG4_HUMAN
Q9H7Z7.1	PGES2_HUMAN
Q9BXS0.2	COPA1_HUMAN
P54829.4	PTN5_HUMAN
Q8WY21.3	SORC1_HUMAN
Q8IWL8.1	STH_HUMAN
Q8NFU5.1	IPMK_HUMAN
Q7Z5Q5.2	DPOLN_HUMAN
Q92870.3	APBB2_HUMAN
Q8IZD9.1	DOCK3_HUMAN
Q8N1C3.2	GBRG1_HUMAN
P60983.2	GMFB_HUMAN
Q9Y252.1	RNF6_HUMAN
Q13319.1	CD5R2_HUMAN
O95297.1	MPZL1_HUMAN
B0YJ81.1	HACD1_HUMAN
Q9BQT9.1	CSTN3_HUMAN
Q9BWU0.1	NADAP_HUMAN
Q96RV3.2	PCX1_HUMAN
Q6XZF7.1	DNMBP_HUMAN
Q02083.3	NAAA_HUMAN
Q53GG5.1	PDLI3_HUMAN
Q6IBW4.1	CNDH2_HUMAN
Q4KMG0.2	CDON_HUMAN
Q9HA72.1	CAHM2_HUMAN
Q96JQ5.1	M4A4A_HUMAN
O94779.2	CNTN5_HUMAN
A4D1B5.2	GSAP_HUMAN
Q0VAK6.1	LMOD3_HUMAN
Q8TCT7.2	SPP2B_HUMAN
Q96FZ2.1	HMCES_HUMAN
Q9P266.3	JCAD_HUMAN
Q9HCE0.2	EPG5_HUMAN
Q96NK8.1	NDF6_HUMAN
Q6PJF5.2	RHDF2_HUMAN
Q9H3E2.2	SNX25_HUMAN
Q8TEB9.1	RHBL4_HUMAN
Q86VS8.2	HOOK3_HUMAN
Q9BU23.2	LMF2_HUMAN
Q86XJ0.1	CAHM3_HUMAN
Q96NE9.1	FRMD6_HUMAN
Q8NFF2.2	NCKX4_HUMAN
Q8WXA9.1	SREK1_HUMAN
Q8TDB8.1	GTR14_HUMAN
Q9ULK2.3	AT7L1_HUMAN
Q5VXT5.1	SYPL2_HUMAN
Q8N9Q2.1	SR1IP_HUMAN
Q86TE4.2	LUZP2_HUMAN
Q86VH5.2	LRRT3_HUMAN
Q96CB9.2	NSUN4_HUMAN
Q92786.2	PROX1_HUMAN
