Q06187.3	BTK_HUMAN
P32455.2	GBP1_HUMAN
Q96P20.3	NLRP3_HUMAN
P13671.3	CO6_HUMAN
Q9UDY8.1	MALT1_HUMAN
Q8TAA9.1	VANG1_HUMAN
P00813.3	ADA_HUMAN
P07550.3	ADRB2_HUMAN
P09917.2	LOX5_HUMAN
P55087.2	AQP4_HUMAN
P32121.2	ARRB2_HUMAN
P01185.2	NEU2_HUMAN
P61769.1	B2MG_HUMAN
Q06187.3	BTK_HUMAN
P01024.2	CO3_HUMAN
P01031.4	CO5_HUMAN
P01258.2	CALC_HUMAN
P06881.3	CALCA_HUMAN
P42574.2	CASP3_HUMAN
P36222.2	CH3L1_HUMAN
Q96IY4.2	CBPB2_HUMAN
P00533.2	EGFR_HUMAN
P09104.3	ENOG_HUMAN
P02751.4	FINC_HUMAN
P14210.2	HGF_HUMAN
Q5Y7A7.1	2B1D_HUMAN
P13760.1	2B14_HUMAN
Q30167.2	2B1A_HUMAN
P01911.2	2B1F_HUMAN
Q29974.1	2B1G_HUMAN
Q9GIY3.1	2B1E_HUMAN
Q95IE3.1	2B1C_HUMAN
P04229.2	2B11_HUMAN
Q9TQE0.1	2B19_HUMAN
Q30134.2	2B18_HUMAN
P01912.2	2B13_HUMAN
P13761.1	2B17_HUMAN
P20039.1	2B1B_HUMAN
P05362.2	ICAM1_HUMAN
P01579.1	IFNG_HUMAN
P01583.1	IL1A_HUMAN
P01584.2	IL1B_HUMAN
P05231.1	IL6_HUMAN
P10145.1	IL8_HUMAN
P22301.1	IL10_HUMAN
Q16552.1	IL17_HUMAN
P80188.2	NGAL_HUMAN
P11226.2	MBL2_HUMAN
P21741.1	MK_HUMAN
O15553.1	MEFV_HUMAN
P03971.3	MIS_HUMAN
P14174.4	MIF_HUMAN
P08253.2	MMP2_HUMAN
P14780.3	MMP9_HUMAN
P05164.1	PERM_HUMAN
P29475.2	NOS1_HUMAN
Q8WY41.2	NANO1_HUMAN
P35228.2	NOS2_HUMAN
P60321.1	NANO2_HUMAN
P29474.3	NOS3_HUMAN
P60323.1	NANO3_HUMAN
P46531.4	NOTC1_HUMAN
P05121.1	PAI1_HUMAN
P00749.2	UROK_HUMAN
P17252.4	KPCA_HUMAN
Q05397.2	FAK1_HUMAN
P06702.1	S10A9_HUMAN
P78556.1	CCL20_HUMAN
P42830.1	CXCL5_HUMAN
P01033.1	TIMP1_HUMAN
P16035.2	TIMP2_HUMAN
O60603.1	TLR2_HUMAN
O00206.2	TLR4_HUMAN
P01375.1	TNFA_HUMAN
P15692.2	VEGFA_HUMAN
P15311.4	EZRI_HUMAN
P31946.3	1433B_HUMAN
O75888.1	TNF13_HUMAN
P50591.1	TNF10_HUMAN
O43927.1	CXL13_HUMAN
Q9Y275.1	TN13B_HUMAN
Q9NWZ3.1	IRAK4_HUMAN
Q9NR96.2	TLR9_HUMAN
P00746.5	CFAD_HUMAN
P32455.2	GBP1_HUMAN
P09960.2	LKHA4_HUMAN
O00221.3	IKBE_HUMAN
